<?xml version="1.0" encoding="UTF-8"?>
<!-- Generated by org.testng.reporters.JUnitXMLReporter -->
<testsuite hostname="DESKTOP-L2RJAAD" ignored="4" name="Default test" tests="1" failures="0" timestamp="2020-11-16T11:01:43 EST" time="8.221" errors="0">
  <testcase name="validateLogoIconTest" time="0.075" classname="TestPage.FindPatientRecordTest"/>
  <testcase name="validateTheRowSizeTest" time="0.0" classname="TestPage.FindPatientRecordTest">
    <ignored/>
  </testcase> <!-- validateTheRowSizeTest -->
  <testcase name="validateSearchInputBoxTest" time="0.0" classname="TestPage.FindPatientRecordTest">
    <ignored/>
  </testcase> <!-- validateSearchInputBoxTest -->
  <testcase name="validatePageTitleTest" time="0.0" classname="TestPage.FindPatientRecordTest">
    <ignored/>
  </testcase> <!-- validatePageTitleTest -->
  <testcase name="vlaidateTheDataInTheHeaderTest" time="0.0" classname="TestPage.FindPatientRecordTest">
    <ignored/>
  </testcase> <!-- vlaidateTheDataInTheHeaderTest -->
</testsuite> <!-- Default test -->
